# JRE version: OpenJDK Runtime Environment (11.0.15) (build 11.0.15+0-b2043.56-8887301)
# Java VM: OpenJDK 64-Bit Server VM (11.0.15+0-b2043.56-8887301, mixed mode, tiered, compressed oops, g1 gc, linux-amd64)
Heap:
 garbage-first heap   total 529408K, used 459400K [0x0000000080000000, 0x0000000100000000)
  region size 1024K, 184 young (188416K), 17 survivors (17408K)
 Metaspace       used 113008K, capacity 115918K, committed 116392K, reserved 1150976K
  class space    used 14009K, capacity 15070K, committed 15140K, reserved 1048576K
GC Heap History (20 events):
Event: 103,650 GC heap after
{Heap after GC invocations=68 (full 0):
 garbage-first heap   total 529408K, used 282310K [0x0000000080000000, 0x0000000100000000)
  region size 1024K, 6 young (6144K), 6 survivors (6144K)
 Metaspace       used 102589K, capacity 105357K, committed 105512K, reserved 1140736K
  class space    used 12695K, capacity 13667K, committed 13732K, reserved 1048576K
}
Event: 104,157 GC heap before
{Heap before GC invocations=68 (full 0):
 garbage-first heap   total 529408K, used 456390K [0x0000000080000000, 0x0000000100000000)
  region size 1024K, 176 young (180224K), 6 survivors (6144K)
 Metaspace       used 102590K, capacity 105357K, committed 105512K, reserved 1140736K
  class space    used 12695K, capacity 13667K, committed 13732K, reserved 1048576K
}
Event: 104,165 GC heap after
{Heap after GC invocations=69 (full 0):
 garbage-first heap   total 529408K, used 286678K [0x0000000080000000, 0x0000000100000000)
  region size 1024K, 10 young (10240K), 10 survivors (10240K)
 Metaspace       used 102590K, capacity 105357K, committed 105512K, reserved 1140736K
  class space    used 12695K, capacity 13667K, committed 13732K, reserved 1048576K
}
Event: 104,608 GC heap before
{Heap before GC invocations=70 (full 0):
 garbage-first heap   total 529408K, used 458710K [0x0000000080000000, 0x0000000100000000)
  region size 1024K, 178 young (182272K), 10 survivors (10240K)
 Metaspace       used 102591K, capacity 105357K, committed 105512K, reserved 1140736K
  class space    used 12695K, capacity 13667K, committed 13732K, reserved 1048576K
}
Event: 104,614 GC heap after
{Heap after GC invocations=71 (full 0):
 garbage-first heap   total 529408K, used 291800K [0x0000000080000000, 0x0000000100000000)
  region size 1024K, 15 young (15360K), 15 survivors (15360K)
 Metaspace       used 102591K, capacity 105357K, committed 105512K, reserved 1140736K
  class space    used 12695K, capacity 13667K, committed 13732K, reserved 1048576K
}
Event: 104,632 GC heap before
{Heap before GC invocations=71 (full 0):
 garbage-first heap   total 529408K, used 302040K [0x0000000080000000, 0x0000000100000000)
  region size 1024K, 25 young (25600K), 15 survivors (15360K)
 Metaspace       used 102591K, capacity 105357K, committed 105512K, reserved 1140736K
  class space    used 12695K, capacity 13667K, committed 13732K, reserved 1048576K
}
Event: 104,638 GC heap after
{Heap after GC invocations=72 (full 0):
 garbage-first heap   total 529408K, used 284082K [0x0000000080000000, 0x0000000100000000)
  region size 1024K, 1 young (1024K), 1 survivors (1024K)
 Metaspace       used 102591K, capacity 105357K, committed 105512K, reserved 1140736K
  class space    used 12695K, capacity 13667K, committed 13732K, reserved 1048576K
}
Event: 105,008 GC heap before
{Heap before GC invocations=72 (full 0):
 garbage-first heap   total 529408K, used 457138K [0x0000000080000000, 0x0000000100000000)
  region size 1024K, 171 young (175104K), 1 survivors (1024K)
 Metaspace       used 102592K, capacity 105357K, committed 105512K, reserved 1140736K
  class space    used 12695K, capacity 13667K, committed 13732K, reserved 1048576K
}
Event: 105,012 GC heap after
{Heap after GC invocations=73 (full 0):
 garbage-first heap   total 529408K, used 288506K [0x0000000080000000, 0x0000000100000000)
  region size 1024K, 6 young (6144K), 6 survivors (6144K)
 Metaspace       used 102592K, capacity 105357K, committed 105512K, reserved 1140736K
  class space    used 12695K, capacity 13667K, committed 13732K, reserved 1048576K
}
Event: 109,997 GC heap before
{Heap before GC invocations=74 (full 0):
 garbage-first heap   total 529408K, used 458490K [0x0000000080000000, 0x0000000100000000)
  region size 1024K, 173 young (177152K), 6 survivors (6144K)
 Metaspace       used 102744K, capacity 105513K, committed 105768K, reserved 1140736K
  class space    used 12704K, capacity 13674K, committed 13732K, reserved 1048576K
}
Event: 110,020 GC heap after
{Heap after GC invocations=75 (full 0):
 garbage-first heap   total 529408K, used 294322K [0x0000000080000000, 0x0000000100000000)
  region size 1024K, 11 young (11264K), 11 survivors (11264K)
 Metaspace       used 102744K, capacity 105513K, committed 105768K, reserved 1140736K
  class space    used 12704K, capacity 13674K, committed 13732K, reserved 1048576K
}
Event: 110,041 GC heap before
{Heap before GC invocations=75 (full 0):
 garbage-first heap   total 529408K, used 308658K [0x0000000080000000, 0x0000000100000000)
  region size 1024K, 25 young (25600K), 11 survivors (11264K)
 Metaspace       used 102744K, capacity 105513K, committed 105768K, reserved 1140736K
  class space    used 12704K, capacity 13674K, committed 13732K, reserved 1048576K
}
Event: 110,048 GC heap after
{Heap after GC invocations=76 (full 0):
 garbage-first heap   total 529408K, used 281355K [0x0000000080000000, 0x0000000100000000)
  region size 1024K, 2 young (2048K), 2 survivors (2048K)
 Metaspace       used 102744K, capacity 105513K, committed 105768K, reserved 1140736K
  class space    used 12704K, capacity 13674K, committed 13732K, reserved 1048576K
}
Event: 110,954 GC heap before
{Heap before GC invocations=76 (full 0):
 garbage-first heap   total 529408K, used 458507K [0x0000000080000000, 0x0000000100000000)
  region size 1024K, 173 young (177152K), 2 survivors (2048K)
 Metaspace       used 102985K, capacity 105746K, committed 106024K, reserved 1142784K
  class space    used 12726K, capacity 13709K, committed 13732K, reserved 1048576K
}
Event: 110,973 GC heap after
{Heap after GC invocations=77 (full 0):
 garbage-first heap   total 529408K, used 287431K [0x0000000080000000, 0x0000000100000000)
  region size 1024K, 6 young (6144K), 6 survivors (6144K)
 Metaspace       used 102985K, capacity 105746K, committed 106024K, reserved 1142784K
  class space    used 12726K, capacity 13709K, committed 13732K, reserved 1048576K
}
Event: 112,588 GC heap before
{Heap before GC invocations=77 (full 0):
 garbage-first heap   total 529408K, used 457415K [0x0000000080000000, 0x0000000100000000)
  region size 1024K, 172 young (176128K), 6 survivors (6144K)
 Metaspace       used 105047K, capacity 107884K, committed 108200K, reserved 1142784K
  class space    used 13017K, capacity 14019K, committed 14116K, reserved 1048576K
}
Event: 112,596 GC heap after
{Heap after GC invocations=78 (full 0):
 garbage-first heap   total 529408K, used 283174K [0x0000000080000000, 0x0000000100000000)
  region size 1024K, 4 young (4096K), 4 survivors (4096K)
 Metaspace       used 105047K, capacity 107884K, committed 108200K, reserved 1142784K
  class space    used 13017K, capacity 14019K, committed 14116K, reserved 1048576K
}
Event: 116,986 GC heap before
{Heap before GC invocations=78 (full 0):
 garbage-first heap   total 529408K, used 457254K [0x0000000080000000, 0x0000000100000000)
  region size 1024K, 175 young (179200K), 4 survivors (4096K)
 Metaspace       used 109446K, capacity 112333K, committed 112680K, reserved 1146880K
  class space    used 13601K, capacity 14667K, committed 14756K, reserved 1048576K
}
Event: 117,024 GC heap after
{Heap after GC invocations=79 (full 0):
 garbage-first heap   total 529408K, used 288392K [0x0000000080000000, 0x0000000100000000)
  region size 1024K, 9 young (9216K), 9 survivors (9216K)
 Metaspace       used 109446K, capacity 112333K, committed 112680K, reserved 1146880K
  class space    used 13601K, capacity 14667K, committed 14756K, reserved 1048576K
}
Event: 118,892 GC heap before
{Heap before GC invocations=79 (full 0):
 garbage-first heap   total 529408K, used 458376K [0x0000000080000000, 0x0000000100000000)
  region size 1024K, 176 young (180224K), 9 survivors (9216K)
 Metaspace       used 113008K, capacity 115918K, committed 116392K, reserved 1150976K
  class space    used 14009K, capacity 15070K, committed 15140K, reserved 1048576K
}

